<?xml version="1.0" encoding="UTF-8"?>
<!-- Generated by org.testng.reporters.JUnitReportReporter -->
<testsuite skipped="0" hostname="CBT-MH-000" name="RestAssured.Twitter.Tweet" tests="1" failures="0" timestamp="29 Oct 2019 04:48:02 GMT" time="5.291" errors="0">
  <testcase name="run" time="5.291" classname="RestAssured.Twitter.Tweet"/>
</testsuite> <!-- RestAssured.Twitter.Tweet -->
