<?xml version="1.0" encoding="UTF-8"?>
<!-- Generated by org.testng.reporters.JUnitReportReporter -->
<testsuite skipped="0" hostname="CBT-MH-000" name="RestAssured.Twitter.Trends" tests="1" failures="0" timestamp="28 Oct 2019 04:28:08 GMT" time="23.240" errors="0">
  <testcase name="run" time="23.240" classname="RestAssured.Twitter.Trends"/>
</testsuite> <!-- RestAssured.Twitter.Trends -->
