<?xml version="1.0" encoding="UTF-8"?>
<!-- Generated by org.testng.reporters.JUnitReportReporter -->
<testsuite skipped="0" hostname="CBT-MH-000" name="RestAssured.Twitter.WeatherUpdate" tests="1" failures="0" timestamp="24 Oct 2019 05:57:48 GMT" time="5.494" errors="0">
  <testcase name="run" time="5.494" classname="RestAssured.Twitter.WeatherUpdate"/>
</testsuite> <!-- RestAssured.Twitter.WeatherUpdate -->
