<?xml version="1.0" encoding="UTF-8"?>
<!-- Generated by org.testng.reporters.JUnitReportReporter -->
<testsuite skipped="0" hostname="CBT-MH-000" name="RestAssured.Twitter.AllTweets" tests="1" failures="0" timestamp="30 Oct 2019 08:48:05 GMT" time="4.708" errors="0">
  <testcase name="run" time="4.708" classname="RestAssured.Twitter.AllTweets"/>
</testsuite> <!-- RestAssured.Twitter.AllTweets -->
