<?xml version="1.0" encoding="UTF-8"?>
<!-- Generated by org.testng.reporters.JUnitReportReporter -->
<testsuite skipped="0" hostname="CBT-MH-000" name="RestAssured.Twitter.Search" tests="1" failures="0" timestamp="29 Oct 2019 04:35:24 GMT" time="6.003" errors="0">
  <testcase name="run" time="6.003" classname="RestAssured.Twitter.Search"/>
</testsuite> <!-- RestAssured.Twitter.Search -->
