<?xml version="1.0" encoding="UTF-8"?>
<!-- Generated by org.testng.reporters.JUnitReportReporter -->
<testsuite skipped="0" hostname="CBT-MH-000" name="RestAssured.Twitter.Trending" tests="1" failures="0" timestamp="29 Oct 2019 04:45:33 GMT" time="6.580" errors="0">
  <testcase name="run" time="6.580" classname="RestAssured.Twitter.Trending"/>
</testsuite> <!-- RestAssured.Twitter.Trending -->
